[INFO] 2015-05-11 15:12:58,508 com.insertNameHere.rallyUtils.RallyTestListener logInfo - Thread 1 - We got a pass on firstTestOfPack, RallyId=[Ljava.lang.String;@1ca718f3
[INFO] 2015-05-11 15:12:58,508 com.insertNameHere.rallyUtils.RallyTestListener logInfo - Thread 1 - Passed TC Rally: https://rally1.rallydev.com/#/search?keywords=[Ljava.lang.String;@3f9b12fb
[INFO] 2015-05-11 15:12:58,541 com.insertNameHere.rallyUtils.RallyUtil logInfo - Thread 1 - Opening connection to Rally...
[INFO] 2015-05-11 15:12:58,588 com.insertNameHere.rallyUtils.RallyUtil logInfo - Thread 1 - restApi se application name
[DEBUG] 2015-05-11 15:12:58,828 org.apache.http.impl.conn.BasicClientConnectionManager getConnection - Get connection for route {s}->https://rally1.rallydev.com:443
[DEBUG] 2015-05-11 15:12:59,016 org.apache.http.impl.conn.DefaultClientConnectionOperator openConnection - Connecting to rally1.rallydev.com:443
[DEBUG] 2015-05-11 15:12:59,297 org.apache.http.client.protocol.RequestAddCookies process - CookieSpec selected: default
[DEBUG] 2015-05-11 15:12:59,297 org.apache.http.client.protocol.RequestAuthCache process - Auth cache not set in the context
[DEBUG] 2015-05-11 15:12:59,297 org.apache.http.client.protocol.RequestTargetAuthentication process - Target auth state: UNCHALLENGED
[DEBUG] 2015-05-11 15:12:59,297 org.apache.http.client.protocol.RequestProxyAuthentication process - Proxy auth state: UNCHALLENGED
[DEBUG] 2015-05-11 15:12:59,297 com.rallydev.rest.client.ApiKeyClient tryExecute - Attempt 1 to execute request
[DEBUG] 2015-05-11 15:12:59,297 org.apache.http.impl.conn.DefaultClientConnection sendRequestHeader - Sending request: GET /slm/webservice/v2.0/testcase.js?start=1&pagesize=200&fetch=FormattedID%2CName&order=ObjectID&query=%28FormattedID+%3D+TC1%29 HTTP/1.1
[DEBUG] 2015-05-11 15:12:59,297 org.apache.http.wire wire -  >> "GET /slm/webservice/v2.0/testcase.js?start=1&pagesize=200&fetch=FormattedID%2CName&order=ObjectID&query=%28FormattedID+%3D+TC1%29 HTTP/1.1[\r][\n]"
[DEBUG] 2015-05-11 15:12:59,297 org.apache.http.wire wire -  >> "zsessionid: _teNVYyPxRB6BteXgZHTiLuU2I3ubfU7CpphnweRfblQ[\r][\n]"
[DEBUG] 2015-05-11 15:12:59,297 org.apache.http.wire wire -  >> "X-RallyIntegrationVersion: 1.2[\r][\n]"
[DEBUG] 2015-05-11 15:12:59,297 org.apache.http.wire wire -  >> "X-RallyIntegrationVendor: Rally Software, Inc.[\r][\n]"
[DEBUG] 2015-05-11 15:12:59,297 org.apache.http.wire wire -  >> "X-RallyIntegrationLibrary: Rally Rest API for Java v2.1.1[\r][\n]"
[DEBUG] 2015-05-11 15:12:59,297 org.apache.http.wire wire -  >> "X-RallyIntegrationName: InsertNameHereProject[\r][\n]"
[DEBUG] 2015-05-11 15:12:59,297 org.apache.http.wire wire -  >> "Accept-Encoding: gzip,deflate[\r][\n]"
[DEBUG] 2015-05-11 15:12:59,297 org.apache.http.wire wire -  >> "Host: rally1.rallydev.com[\r][\n]"
[DEBUG] 2015-05-11 15:12:59,297 org.apache.http.wire wire -  >> "Connection: Keep-Alive[\r][\n]"
[DEBUG] 2015-05-11 15:12:59,297 org.apache.http.wire wire -  >> "User-Agent: Apache-HttpClient/4.4.1 (Java/1.7.0_80-ea)[\r][\n]"
[DEBUG] 2015-05-11 15:12:59,297 org.apache.http.wire wire -  >> "[\r][\n]"
[DEBUG] 2015-05-11 15:12:59,297 org.apache.http.headers sendRequestHeader - >> GET /slm/webservice/v2.0/testcase.js?start=1&pagesize=200&fetch=FormattedID%2CName&order=ObjectID&query=%28FormattedID+%3D+TC1%29 HTTP/1.1
[DEBUG] 2015-05-11 15:12:59,297 org.apache.http.headers sendRequestHeader - >> zsessionid: _teNVYyPxRB6BteXgZHTiLuU2I3ubfU7CpphnweRfblQ
[DEBUG] 2015-05-11 15:12:59,297 org.apache.http.headers sendRequestHeader - >> X-RallyIntegrationVersion: 1.2
[DEBUG] 2015-05-11 15:12:59,297 org.apache.http.headers sendRequestHeader - >> X-RallyIntegrationVendor: Rally Software, Inc.
[DEBUG] 2015-05-11 15:12:59,297 org.apache.http.headers sendRequestHeader - >> X-RallyIntegrationLibrary: Rally Rest API for Java v2.1.1
[DEBUG] 2015-05-11 15:12:59,297 org.apache.http.headers sendRequestHeader - >> X-RallyIntegrationName: InsertNameHereProject
[DEBUG] 2015-05-11 15:12:59,297 org.apache.http.headers sendRequestHeader - >> Accept-Encoding: gzip,deflate
[DEBUG] 2015-05-11 15:12:59,297 org.apache.http.headers sendRequestHeader - >> Host: rally1.rallydev.com
[DEBUG] 2015-05-11 15:12:59,297 org.apache.http.headers sendRequestHeader - >> Connection: Keep-Alive
[DEBUG] 2015-05-11 15:12:59,297 org.apache.http.headers sendRequestHeader - >> User-Agent: Apache-HttpClient/4.4.1 (Java/1.7.0_80-ea)
[DEBUG] 2015-05-11 15:16:59,420 org.apache.http.wire wire -  << "HTTP/1.1 524 Origin Time-out[\r][\n]"
[DEBUG] 2015-05-11 15:16:59,420 org.apache.http.wire wire -  << "Server: cloudflare-nginx[\r][\n]"
[DEBUG] 2015-05-11 15:16:59,420 org.apache.http.wire wire -  << "Date: Mon, 11 May 2015 12:16:59 GMT[\r][\n]"
[DEBUG] 2015-05-11 15:16:59,420 org.apache.http.wire wire -  << "Content-Type: text/html; charset=UTF-8[\r][\n]"
[DEBUG] 2015-05-11 15:16:59,436 org.apache.http.wire wire -  << "Transfer-Encoding: chunked[\r][\n]"
[DEBUG] 2015-05-11 15:16:59,436 org.apache.http.wire wire -  << "Connection: keep-alive[\r][\n]"
[DEBUG] 2015-05-11 15:16:59,436 org.apache.http.wire wire -  << "Set-Cookie: __cfduid=d51a4676b23b616b9258d3c03936e67811431346379; expires=Tue, 10-May-16 12:12:59 GMT; path=/; domain=.rallydev.com; HttpOnly[\r][\n]"
[DEBUG] 2015-05-11 15:16:59,436 org.apache.http.wire wire -  << "Expires: Thu, 01 Jan 1970 00:00:01 GMT[\r][\n]"
[DEBUG] 2015-05-11 15:16:59,436 org.apache.http.wire wire -  << "Cache-Control: no-store, no-cache, must-revalidate, post-check=0, pre-check=0[\r][\n]"
[DEBUG] 2015-05-11 15:16:59,436 org.apache.http.wire wire -  << "Pragma: no-cache[\r][\n]"
[DEBUG] 2015-05-11 15:16:59,436 org.apache.http.wire wire -  << "X-Frame-Options: SAMEORIGIN[\r][\n]"
[DEBUG] 2015-05-11 15:16:59,436 org.apache.http.wire wire -  << "CF-RAY: 1e4dcb96e30c1a42-VIE[\r][\n]"
[DEBUG] 2015-05-11 15:16:59,436 org.apache.http.wire wire -  << "[\r][\n]"
[DEBUG] 2015-05-11 15:16:59,436 org.apache.http.impl.conn.DefaultClientConnection receiveResponseHeader - Receiving response: HTTP/1.1 524 Origin Time-out
[DEBUG] 2015-05-11 15:16:59,436 org.apache.http.headers receiveResponseHeader - << HTTP/1.1 524 Origin Time-out
[DEBUG] 2015-05-11 15:16:59,436 org.apache.http.headers receiveResponseHeader - << Server: cloudflare-nginx
[DEBUG] 2015-05-11 15:16:59,436 org.apache.http.headers receiveResponseHeader - << Date: Mon, 11 May 2015 12:16:59 GMT
[DEBUG] 2015-05-11 15:16:59,436 org.apache.http.headers receiveResponseHeader - << Content-Type: text/html; charset=UTF-8
[DEBUG] 2015-05-11 15:16:59,436 org.apache.http.headers receiveResponseHeader - << Transfer-Encoding: chunked
[DEBUG] 2015-05-11 15:16:59,451 org.apache.http.headers receiveResponseHeader - << Connection: keep-alive
[DEBUG] 2015-05-11 15:16:59,451 org.apache.http.headers receiveResponseHeader - << Set-Cookie: __cfduid=d51a4676b23b616b9258d3c03936e67811431346379; expires=Tue, 10-May-16 12:12:59 GMT; path=/; domain=.rallydev.com; HttpOnly
[DEBUG] 2015-05-11 15:16:59,451 org.apache.http.headers receiveResponseHeader - << Expires: Thu, 01 Jan 1970 00:00:01 GMT
[DEBUG] 2015-05-11 15:16:59,451 org.apache.http.headers receiveResponseHeader - << Cache-Control: no-store, no-cache, must-revalidate, post-check=0, pre-check=0
[DEBUG] 2015-05-11 15:16:59,451 org.apache.http.headers receiveResponseHeader - << Pragma: no-cache
[DEBUG] 2015-05-11 15:16:59,451 org.apache.http.headers receiveResponseHeader - << X-Frame-Options: SAMEORIGIN
[DEBUG] 2015-05-11 15:16:59,451 org.apache.http.headers receiveResponseHeader - << CF-RAY: 1e4dcb96e30c1a42-VIE
[DEBUG] 2015-05-11 15:16:59,467 org.apache.http.client.protocol.ResponseProcessCookies processCookies - Cookie accepted [__cfduid="d51a4676b23b616b9258d3c03936e67811431346379", version:0, domain:rallydev.com, path:/, expiry:Tue May 10 15:12:59 EEST 2016]
[DEBUG] 2015-05-11 15:16:59,483 com.rallydev.rest.client.ApiKeyClient execute - Connection can be kept alive indefinitely
[DEBUG] 2015-05-11 15:16:59,483 org.apache.http.wire wire -  << "7d5[\r][\n]"
[DEBUG] 2015-05-11 15:16:59,483 org.apache.http.wire wire -  << "<!DOCTYPE html>[\n]"
[DEBUG] 2015-05-11 15:16:59,483 org.apache.http.wire wire -  << "<!--[if lt IE 7]> <html class="no-js ie6 oldie" lang="en-US"> <![endif]-->[\n]"
[DEBUG] 2015-05-11 15:16:59,483 org.apache.http.wire wire -  << "<!--[if IE 7]>    <html class="no-js ie7 oldie" lang="en-US"> <![endif]-->[\n]"
[DEBUG] 2015-05-11 15:16:59,498 org.apache.http.wire wire -  << "<!--[if IE 8]>    <html class="no-js ie8 oldie" lang="en-US"> <![endif]-->[\n]"
[DEBUG] 2015-05-11 15:16:59,498 org.apache.http.wire wire -  << "<!--[if gt IE 8]><!--> <html class="no-js" lang="en-US"> <!--<![endif]-->[\n]"
[DEBUG] 2015-05-11 15:16:59,498 org.apache.http.wire wire -  << "<head>[\n]"
[DEBUG] 2015-05-11 15:16:59,498 org.apache.http.wire wire -  << "[\n]"
[DEBUG] 2015-05-11 15:16:59,498 org.apache.http.wire wire -  << "[\n]"
[DEBUG] 2015-05-11 15:16:59,498 org.apache.http.wire wire -  << "<meta http-equiv="set-cookie" content="cf_use_ob=0; expires=Mon, 11-May-15 12:17:29 GMT; path=/">[\n]"
[DEBUG] 2015-05-11 15:16:59,498 org.apache.http.wire wire -  << "[\n]"
[DEBUG] 2015-05-11 15:16:59,498 org.apache.http.wire wire -  << "[\n]"
[DEBUG] 2015-05-11 15:16:59,498 org.apache.http.wire wire -  << "<title>rally1.rallydev.com | 524: A timeout occurred</title>[\n]"
[DEBUG] 2015-05-11 15:16:59,498 org.apache.http.wire wire -  << "<meta charset="UTF-8" />[\n]"
[DEBUG] 2015-05-11 15:16:59,498 org.apache.http.wire wire -  << "<meta http-equiv="Content-Type" content="text/html; charset=UTF-8" />[\n]"
[DEBUG] 2015-05-11 15:16:59,498 org.apache.http.wire wire -  << "<meta http-equiv="X-UA-Compatible" content="IE=Edge,chrome=1" />[\n]"
[DEBUG] 2015-05-11 15:16:59,498 org.apache.http.wire wire -  << "<meta name="robots" content="noindex, nofollow" />[\n]"
[DEBUG] 2015-05-11 15:16:59,498 org.apache.http.wire wire -  << "<meta name="viewport" content="width=device-width,initial-scale=1,maximum-scale=1" />[\n]"
[DEBUG] 2015-05-11 15:16:59,498 org.apache.http.wire wire -  << "<link rel="stylesheet" id="cf_styles-css" href="/cdn-cgi/styles/cf.errors.css" type="text/css" media="screen,projection" />[\n]"
[DEBUG] 2015-05-11 15:16:59,498 org.apache.http.wire wire -  << "<!--[if lt IE 9]><link rel="stylesheet" id='cf_styles-ie-css' href="/cdn-cgi/styles/cf.errors.ie.css" type="text/css" media="screen,projection" /><![endif]-->[\n]"
[DEBUG] 2015-05-11 15:16:59,498 org.apache.http.wire wire -  << "<style type="text/css">body{margin:0;padding:0}</style>[\n]"
[DEBUG] 2015-05-11 15:16:59,498 org.apache.http.wire wire -  << "<!--[if lte IE 9]><script type="text/javascript" src="/cdn-cgi/scripts/jquery.min.js"></script><![endif]-->[\n]"
[DEBUG] 2015-05-11 15:16:59,498 org.apache.http.wire wire -  << "<!--[if gte IE 10]><!--><script type="text/javascript" src="/cdn-cgi/scripts/zepto.min.js"></script><!--<![endif]-->[\n]"
[DEBUG] 2015-05-11 15:16:59,498 org.apache.http.wire wire -  << "<script type="text/javascript" src="/cdn-cgi/scripts/cf.common.js"></script>[\n]"
[DEBUG] 2015-05-11 15:16:59,498 org.apache.http.wire wire -  << "[\n]"
[DEBUG] 2015-05-11 15:16:59,498 org.apache.http.wire wire -  << "</head>[\n]"
[DEBUG] 2015-05-11 15:16:59,498 org.apache.http.wire wire -  << "<body>[\n]"
[DEBUG] 2015-05-11 15:16:59,498 org.apache.http.wire wire -  << "<div id="cf-wrapper">[\n]"
[DEBUG] 2015-05-11 15:16:59,498 org.apache.http.wire wire -  << "[\n]"
[DEBUG] 2015-05-11 15:16:59,498 org.apache.http.wire wire -  << "    [\n]"
[DEBUG] 2015-05-11 15:16:59,498 org.apache.http.wire wire -  << "[\n]"
[DEBUG] 2015-05-11 15:16:59,498 org.apache.http.wire wire -  << "    <div id="cf-error-details" class="cf-error-details-wrapper">[\n]"
[DEBUG] 2015-05-11 15:16:59,498 org.apache.http.wire wire -  << "        <div class="cf-wrapper cf-error-overview">[\n]"
[DEBUG] 2015-05-11 15:16:59,498 org.apache.http.wire wire -  << "            <h1>[\n]"
[DEBUG] 2015-05-11 15:16:59,498 org.apache.http.wire wire -  << "              <span class="cf-error-type" data-translate="error">Error</span>[\n]"
[DEBUG] 2015-05-11 15:16:59,498 org.apache.http.wire wire -  << "              <span class="cf-error-code">524</span>[\n]"
[DEBUG] 2015-05-11 15:16:59,498 org.apache.http.wire wire -  << "              <small class="heading-ray-id">Ray ID: 1e4dcb96e30c1a42 &bull; 2015-05-11 12:16:59 UTC</small>[\n]"
[DEBUG] 2015-05-11 15:16:59,498 org.apache.http.wire wire -  << "            </h1>[\n]"
[DEBUG] 2015-05-11 15:16:59,498 org.apache.http.wire wire -  << "            <h2 class="cf-subheadline" data-translate="error_desc">A timeout occurred</h2>[\n]"
[DEBUG] 2015-05-11 15:16:59,498 org.apache.http.wire wire -  << "        </div><!-- /.error-overview -->[\n]"
[DEBUG] 2015-05-11 15:16:59,498 org.apache.http.wire wire -  << "[\n]"
[DEBUG] 2015-05-11 15:16:59,498 org.apache.http.wire wire -  << "        <div cl"
[DEBUG] 2015-05-11 15:16:59,498 org.apache.http.wire wire -  << "[\r][\n]"
[DEBUG] 2015-05-11 15:16:59,514 org.apache.http.wire wire -  << "eaa[\r][\n]"
[DEBUG] 2015-05-11 15:16:59,514 org.apache.http.wire wire -  << "ass="cf-section cf-highlight cf-status-display">[\n]"
[DEBUG] 2015-05-11 15:16:59,514 org.apache.http.wire wire -  << "            <div class="cf-wrapper">[\n]"
[DEBUG] 2015-05-11 15:16:59,514 org.apache.http.wire wire -  << "                <div class="cf-columns cols-3">[\n]"
[DEBUG] 2015-05-11 15:16:59,514 org.apache.http.wire wire -  << "                  [\n]"
[DEBUG] 2015-05-11 15:16:59,514 org.apache.http.wire wire -  << "<div id="cf-browser-status" class="cf-column cf-status-item cf-browser-status ">[\n]"
[DEBUG] 2015-05-11 15:16:59,514 org.apache.http.wire wire -  << "  <div class="cf-icon-error-container">[\n]"
[DEBUG] 2015-05-11 15:16:59,514 org.apache.http.wire wire -  << "    <i class="cf-icon cf-icon-browser"></i>[\n]"
[DEBUG] 2015-05-11 15:16:59,514 org.apache.http.wire wire -  << "    <i class="cf-icon-status cf-icon-ok"></i>[\n]"
[DEBUG] 2015-05-11 15:16:59,514 org.apache.http.wire wire -  << "  </div>[\n]"
[DEBUG] 2015-05-11 15:16:59,514 org.apache.http.wire wire -  << "  <span class="cf-status-desc" data-translate="browser_desc">You</span>[\n]"
[DEBUG] 2015-05-11 15:16:59,514 org.apache.http.wire wire -  << "  <h3 class="cf-status-name" data-translate="browser_label">Browser</h3>[\n]"
[DEBUG] 2015-05-11 15:16:59,514 org.apache.http.wire wire -  << "  <span class="cf-status-label" data-translate="browser_status_label">Working</span>[\n]"
[DEBUG] 2015-05-11 15:16:59,514 org.apache.http.wire wire -  << "</div>[\n]"
[DEBUG] 2015-05-11 15:16:59,514 org.apache.http.wire wire -  << "[\n]"
[DEBUG] 2015-05-11 15:16:59,514 org.apache.http.wire wire -  << "<div id="cf-cloudflare-status" class="cf-column cf-status-item cf-cloudflare-status ">[\n]"
[DEBUG] 2015-05-11 15:16:59,514 org.apache.http.wire wire -  << "  <div class="cf-icon-error-container">[\n]"
[DEBUG] 2015-05-11 15:16:59,514 org.apache.http.wire wire -  << "    <i class="cf-icon cf-icon-cloud"></i>[\n]"
[DEBUG] 2015-05-11 15:16:59,514 org.apache.http.wire wire -  << "    <i class="cf-icon-status cf-icon-ok"></i>[\n]"
[DEBUG] 2015-05-11 15:16:59,514 org.apache.http.wire wire -  << "  </div>[\n]"
[DEBUG] 2015-05-11 15:16:59,514 org.apache.http.wire wire -  << "  <span class="cf-status-desc" data-translate="cloud_desc">Vienna</span>[\n]"
[DEBUG] 2015-05-11 15:16:59,514 org.apache.http.wire wire -  << "  <h3 class="cf-status-name" data-translate="cloud_label">CloudFlare</h3>[\n]"
[DEBUG] 2015-05-11 15:16:59,514 org.apache.http.wire wire -  << "  <span class="cf-status-label" data-translate="cloud_status_label">Working</span>[\n]"
[DEBUG] 2015-05-11 15:16:59,514 org.apache.http.wire wire -  << "</div>[\n]"
[DEBUG] 2015-05-11 15:16:59,514 org.apache.http.wire wire -  << "[\n]"
[DEBUG] 2015-05-11 15:16:59,514 org.apache.http.wire wire -  << "<div id="cf-host-status" class="cf-column cf-status-item cf-host-status cf-error-source">[\n]"
[DEBUG] 2015-05-11 15:16:59,514 org.apache.http.wire wire -  << "  <div class="cf-icon-error-container">[\n]"
[DEBUG] 2015-05-11 15:16:59,514 org.apache.http.wire wire -  << "    <i class="cf-icon cf-icon-server"></i>[\n]"
[DEBUG] 2015-05-11 15:16:59,514 org.apache.http.wire wire -  << "    <i class="cf-icon-status cf-icon-error"></i>[\n]"
[DEBUG] 2015-05-11 15:16:59,514 org.apache.http.wire wire -  << "  </div>[\n]"
[DEBUG] 2015-05-11 15:16:59,514 org.apache.http.wire wire -  << "  <span class="cf-status-desc" data-translate="server_desc">rally1.rallydev.com</span>[\n]"
[DEBUG] 2015-05-11 15:16:59,514 org.apache.http.wire wire -  << "  <h3 class="cf-status-name" data-translate="server_label">Host</h3>[\n]"
[DEBUG] 2015-05-11 15:16:59,514 org.apache.http.wire wire -  << "  <span class="cf-status-label" data-translate="server_status_label">Error</span>[\n]"
[DEBUG] 2015-05-11 15:16:59,514 org.apache.http.wire wire -  << "</div>[\n]"
[DEBUG] 2015-05-11 15:16:59,514 org.apache.http.wire wire -  << "[\n]"
[DEBUG] 2015-05-11 15:16:59,514 org.apache.http.wire wire -  << "                </div>[\n]"
[DEBUG] 2015-05-11 15:16:59,514 org.apache.http.wire wire -  << "            </div>[\n]"
[DEBUG] 2015-05-11 15:16:59,514 org.apache.http.wire wire -  << "        </div><!-- /.status-display -->[\n]"
[DEBUG] 2015-05-11 15:16:59,514 org.apache.http.wire wire -  << "[\n]"
[DEBUG] 2015-05-11 15:16:59,514 org.apache.http.wire wire -  << "        <div class="cf-section cf-wrapper">[\n]"
[DEBUG] 2015-05-11 15:16:59,514 org.apache.http.wire wire -  << "            <div class="cf-columns two">[\n]"
[DEBUG] 2015-05-11 15:16:59,514 org.apache.http.wire wire -  << "                <div class="cf-column">[\n]"
[DEBUG] 2015-05-11 15:16:59,514 org.apache.http.wire wire -  << "                    <h2 data-translate="what_happened">What happened?</h2>[\n]"
[DEBUG] 2015-05-11 15:16:59,514 org.apache.http.wire wire -  << "                    <p data-translate="origin_timed_out">The origin web server timed out responding to this request.</p>[\n]"
[DEBUG] 2015-05-11 15:16:59,514 org.apache.http.wire wire -  << "                </div>[\n]"
[DEBUG] 2015-05-11 15:16:59,514 org.apache.http.wire wire -  << "[\n]"
[DEBUG] 2015-05-11 15:16:59,514 org.apache.http.wire wire -  << "                <div class="cf-column">[\n]"
[DEBUG] 2015-05-11 15:16:59,514 org.apache.http.wire wire -  << "                    <h2 data-t"
[DEBUG] 2015-05-11 15:16:59,514 org.apache.http.wire wire -  << "ranslate="what_can_i_do">What can I do?</h2>[\n]"
[DEBUG] 2015-05-11 15:16:59,514 org.apache.http.wire wire -  << "                          <h5 data-translate="if_website_visitor">If you're a visitor of this website:</h5>[\n]"
[DEBUG] 2015-05-11 15:16:59,514 org.apache.http.wire wire -  << "      <p data-translate="try_again_in_a_few">Please try again in a few minutes.</p>[\n]"
[DEBUG] 2015-05-11 15:16:59,514 org.apache.http.wire wire -  << "[\n]"
[DEBUG] 2015-05-11 15:16:59,514 org.apache.http.wire wire -  << "      <h5 data-translate="if_website_owner">If you're the owner of this website:</h5>[\n]"
[DEBUG] 2015-05-11 15:16:59,514 org.apache.http.wire wire -  << "      <p><span data-translate="524_owner_desc">The connection to the origin web server was made, but the origin web server timed out before responding. The likely cause is an overloaded background task, database or application, stressing the resources on your web server. To resolve, please work with your hosting provider or web development team to free up resources for your database or overloaded application.</span> <a href="https://support.cloudflare.com/hc/en-us/articles/200171926-Error-524" data-translate="addtl_troubleshooting">Additional troubleshooting information here.</a></p>[\n]"
[DEBUG] 2015-05-11 15:16:59,514 org.apache.http.wire wire -  << "                </div>[\n]"
[DEBUG] 2015-05-11 15:16:59,514 org.apache.http.wire wire -  << "            </div>[\n]"
[DEBUG] 2015-05-11 15:16:59,514 org.apache.http.wire wire -  << "        </div><!-- /.section -->[\n]"
[DEBUG] 2015-05-11 15:16:59,514 org.apache.http.wire wire -  << "[\n]"
[DEBUG] 2015-05-11 15:16:59,514 org.apache.http.wire wire -  << "        <div class="cf-error-footer cf-wrapper">[\n]"
[DEBUG] 2015-05-11 15:16:59,514 org.apache.http.wire wire -  << "  <p>[\n]"
[DEBUG] 2015-05-11 15:16:59,514 org.apache.http.wire wire -  << "    <span class="cf-footer-item">CloudFlare Ray ID: <strong>1e4dcb96e30c1a42</strong></span>[\n]"
[DEBUG] 2015-05-11 15:16:59,514 org.apache.http.wire wire -  << "    <span class="cf-footer-separator">&bull;</span>[\n]"
[DEBUG] 2015-05-11 15:16:59,514 org.apache.http.wire wire -  << "    <span class="cf-footer-item"><span data-translate="your_ip">Your IP</span>: 194.126.146.46</span>[\n]"
[DEBUG] 2015-05-11 15:16:59,530 org.apache.http.wire wire -  << "    <span class="cf-footer-separator">&bull;</span>[\n]"
[DEBUG] 2015-05-11 15:16:59,530 org.apache.http.wire wire -  << "    <span class="cf-footer-item"><span data-translate="performance_security_by">Performance &amp; security by</span> <a data-orig-proto="https" data-orig-ref="www.cloudflare.com/5xx-error-landing" id="brand_link" target="_blank">CloudFlare</a></span>[\n]"
[DEBUG] 2015-05-11 15:16:59,530 org.apache.http.wire wire -  << "    [\n]"
[DEBUG] 2015-05-11 15:16:59,530 org.apache.http.wire wire -  << "  </p>[\n]"
[DEBUG] 2015-05-11 15:16:59,530 org.apache.http.wire wire -  << "</div><!-- /.error-footer -->[\n]"
[DEBUG] 2015-05-11 15:16:59,530 org.apache.http.wire wire -  << "[\n]"
[DEBUG] 2015-05-11 15:16:59,530 org.apache.http.wire wire -  << "[\n]"
[DEBUG] 2015-05-11 15:16:59,530 org.apache.http.wire wire -  << "    </div><!-- /#cf-error-details -->[\n]"
[DEBUG] 2015-05-11 15:16:59,530 org.apache.http.wire wire -  << "</div><!-- /#cf-wrapper -->[\n]"
[DEBUG] 2015-05-11 15:16:59,530 org.apache.http.wire wire -  << "[\r][\n]"
[DEBUG] 2015-05-11 15:16:59,530 org.apache.http.wire wire -  << "0[\r][\n]"
[DEBUG] 2015-05-11 15:16:59,530 org.apache.http.wire wire -  << "[\r][\n]"
[DEBUG] 2015-05-11 15:16:59,530 org.apache.http.impl.conn.BasicClientConnectionManager releaseConnection - Releasing connection org.apache.http.impl.conn.ManagedClientConnectionImpl@448b495a
[DEBUG] 2015-05-11 15:16:59,530 org.apache.http.impl.conn.BasicClientConnectionManager releaseConnection - Connection can be kept alive indefinitely
[ERROR] 2015-05-11 15:16:59,530 com.insertNameHere.rallyUtils.RallyUtil logError - Thread 1 - HTTP/1.1 524 Origin Time-out
[DEBUG] 2015-05-11 15:16:59,530 org.apache.http.impl.conn.BasicClientConnectionManager getConnection - Get connection for route {s}->https://rally1.rallydev.com:443
[DEBUG] 2015-05-11 15:16:59,530 com.rallydev.rest.client.ApiKeyClient execute - Stale connection check
[DEBUG] 2015-05-11 15:16:59,545 org.apache.http.client.protocol.RequestAddCookies process - CookieSpec selected: default
[DEBUG] 2015-05-11 15:16:59,545 org.apache.http.client.protocol.RequestAddCookies process - Cookie [version: 0][name: __cfduid][value: d51a4676b23b616b9258d3c03936e67811431346379][domain: rallydev.com][path: /][expiry: Tue May 10 15:12:59 EEST 2016] match [(secure)rally1.rallydev.com:443/slm/webservice/v2.0/testset.js]
[DEBUG] 2015-05-11 15:16:59,545 org.apache.http.client.protocol.RequestAuthCache process - Auth cache not set in the context
[DEBUG] 2015-05-11 15:16:59,545 org.apache.http.client.protocol.RequestTargetAuthentication process - Target auth state: UNCHALLENGED
[DEBUG] 2015-05-11 15:16:59,545 org.apache.http.client.protocol.RequestProxyAuthentication process - Proxy auth state: UNCHALLENGED
[DEBUG] 2015-05-11 15:16:59,545 com.rallydev.rest.client.ApiKeyClient tryExecute - Attempt 1 to execute request
[DEBUG] 2015-05-11 15:16:59,545 org.apache.http.impl.conn.DefaultClientConnection sendRequestHeader - Sending request: GET /slm/webservice/v2.0/testset.js?start=1&pagesize=200&fetch=FormattedID%2CName&order=ObjectID&query=%28FormattedID+%3D+TS1%29 HTTP/1.1
[DEBUG] 2015-05-11 15:16:59,545 org.apache.http.wire wire -  >> "GET /slm/webservice/v2.0/testset.js?start=1&pagesize=200&fetch=FormattedID%2CName&order=ObjectID&query=%28FormattedID+%3D+TS1%29 HTTP/1.1[\r][\n]"
[DEBUG] 2015-05-11 15:16:59,545 org.apache.http.wire wire -  >> "zsessionid: _teNVYyPxRB6BteXgZHTiLuU2I3ubfU7CpphnweRfblQ[\r][\n]"
[DEBUG] 2015-05-11 15:16:59,545 org.apache.http.wire wire -  >> "X-RallyIntegrationVersion: 1.2[\r][\n]"
[DEBUG] 2015-05-11 15:16:59,545 org.apache.http.wire wire -  >> "X-RallyIntegrationVendor: Rally Software, Inc.[\r][\n]"
[DEBUG] 2015-05-11 15:16:59,545 org.apache.http.wire wire -  >> "X-RallyIntegrationLibrary: Rally Rest API for Java v2.1.1[\r][\n]"
[DEBUG] 2015-05-11 15:16:59,545 org.apache.http.wire wire -  >> "X-RallyIntegrationName: InsertNameHereProject[\r][\n]"
[DEBUG] 2015-05-11 15:16:59,545 org.apache.http.wire wire -  >> "Accept-Encoding: gzip,deflate[\r][\n]"
[DEBUG] 2015-05-11 15:16:59,545 org.apache.http.wire wire -  >> "Host: rally1.rallydev.com[\r][\n]"
[DEBUG] 2015-05-11 15:16:59,545 org.apache.http.wire wire -  >> "Connection: Keep-Alive[\r][\n]"
[DEBUG] 2015-05-11 15:16:59,545 org.apache.http.wire wire -  >> "User-Agent: Apache-HttpClient/4.4.1 (Java/1.7.0_80-ea)[\r][\n]"
[DEBUG] 2015-05-11 15:16:59,545 org.apache.http.wire wire -  >> "Cookie: __cfduid=d51a4676b23b616b9258d3c03936e67811431346379[\r][\n]"
[DEBUG] 2015-05-11 15:16:59,545 org.apache.http.wire wire -  >> "[\r][\n]"
[DEBUG] 2015-05-11 15:16:59,545 org.apache.http.headers sendRequestHeader - >> GET /slm/webservice/v2.0/testset.js?start=1&pagesize=200&fetch=FormattedID%2CName&order=ObjectID&query=%28FormattedID+%3D+TS1%29 HTTP/1.1
[DEBUG] 2015-05-11 15:16:59,545 org.apache.http.headers sendRequestHeader - >> zsessionid: _teNVYyPxRB6BteXgZHTiLuU2I3ubfU7CpphnweRfblQ
[DEBUG] 2015-05-11 15:16:59,545 org.apache.http.headers sendRequestHeader - >> X-RallyIntegrationVersion: 1.2
[DEBUG] 2015-05-11 15:16:59,545 org.apache.http.headers sendRequestHeader - >> X-RallyIntegrationVendor: Rally Software, Inc.
[DEBUG] 2015-05-11 15:16:59,545 org.apache.http.headers sendRequestHeader - >> X-RallyIntegrationLibrary: Rally Rest API for Java v2.1.1
[DEBUG] 2015-05-11 15:16:59,545 org.apache.http.headers sendRequestHeader - >> X-RallyIntegrationName: InsertNameHereProject
[DEBUG] 2015-05-11 15:16:59,545 org.apache.http.headers sendRequestHeader - >> Accept-Encoding: gzip,deflate
[DEBUG] 2015-05-11 15:16:59,545 org.apache.http.headers sendRequestHeader - >> Host: rally1.rallydev.com
[DEBUG] 2015-05-11 15:16:59,545 org.apache.http.headers sendRequestHeader - >> Connection: Keep-Alive
[DEBUG] 2015-05-11 15:16:59,545 org.apache.http.headers sendRequestHeader - >> User-Agent: Apache-HttpClient/4.4.1 (Java/1.7.0_80-ea)
[DEBUG] 2015-05-11 15:16:59,545 org.apache.http.headers sendRequestHeader - >> Cookie: __cfduid=d51a4676b23b616b9258d3c03936e67811431346379
[DEBUG] 2015-05-11 15:16:59,936 org.apache.http.wire wire -  << "HTTP/1.1 200 OK[\r][\n]"
[DEBUG] 2015-05-11 15:16:59,936 org.apache.http.wire wire -  << "Server: cloudflare-nginx[\r][\n]"
[DEBUG] 2015-05-11 15:16:59,936 org.apache.http.wire wire -  << "Date: Mon, 11 May 2015 12:16:59 GMT[\r][\n]"
[DEBUG] 2015-05-11 15:16:59,936 org.apache.http.wire wire -  << "Content-Type: text/javascript;  charset=utf-8[\r][\n]"
[DEBUG] 2015-05-11 15:16:59,936 org.apache.http.wire wire -  << "Content-Length: 339[\r][\n]"
[DEBUG] 2015-05-11 15:16:59,936 org.apache.http.wire wire -  << "Connection: keep-alive[\r][\n]"
[DEBUG] 2015-05-11 15:16:59,936 org.apache.http.wire wire -  << "RallyRequestID: qd-app-101juj4ixggxrnj1czdw9w7mww26.qd-app-1010715830[\r][\n]"
[DEBUG] 2015-05-11 15:16:59,936 org.apache.http.wire wire -  << "Expires: Thu, 01 Jan 1970 00:00:00 GMT[\r][\n]"
[DEBUG] 2015-05-11 15:16:59,967 org.apache.http.wire wire -  << "ETag: "040a33632b08caf55f129e2c4c6e76464"[\r][\n]"
[DEBUG] 2015-05-11 15:16:59,967 org.apache.http.wire wire -  << "Set-Cookie: JSESSIONID=qd-app-101juj4ixggxrnj1czdw9w7mww26.qd-app-10;Path=/;Secure;HttpOnly[\r][\n]"
[DEBUG] 2015-05-11 15:16:59,967 org.apache.http.wire wire -  << "Set-Cookie: SUBBUCKETID=46;Path=/;Domain=rally1.rallydev.com;Secure;HttpOnly[\r][\n]"
[DEBUG] 2015-05-11 15:16:59,967 org.apache.http.wire wire -  << "Vary: Accept-Encoding[\r][\n]"
[DEBUG] 2015-05-11 15:16:59,967 org.apache.http.wire wire -  << "Content-Encoding: gzip[\r][\n]"
[DEBUG] 2015-05-11 15:16:59,967 org.apache.http.wire wire -  << "P3P: CP="NON DSP COR CURa PSAa PSDa OUR NOR BUS PUR COM NAV STA"[\r][\n]"
[DEBUG] 2015-05-11 15:16:59,983 org.apache.http.wire wire -  << "Cache-Control: private,max-age=0,must-revalidate[\r][\n]"
[DEBUG] 2015-05-11 15:16:59,983 org.apache.http.wire wire -  << "Set-Cookie: NSC_vt1.sbmmzefw.dpn!-!IUUQT=ffffffff09091c3445525d5f4f58455e445a4a42378b;path=/;secure;httponly[\r][\n]"
[DEBUG] 2015-05-11 15:16:59,983 org.apache.http.wire wire -  << "CF-RAY: 1e4dd1747b681a42-VIE[\r][\n]"
[DEBUG] 2015-05-11 15:16:59,983 org.apache.http.wire wire -  << "[\r][\n]"
[DEBUG] 2015-05-11 15:16:59,983 org.apache.http.impl.conn.DefaultClientConnection receiveResponseHeader - Receiving response: HTTP/1.1 200 OK
[DEBUG] 2015-05-11 15:16:59,983 org.apache.http.headers receiveResponseHeader - << HTTP/1.1 200 OK
[DEBUG] 2015-05-11 15:16:59,983 org.apache.http.headers receiveResponseHeader - << Server: cloudflare-nginx
[DEBUG] 2015-05-11 15:16:59,983 org.apache.http.headers receiveResponseHeader - << Date: Mon, 11 May 2015 12:16:59 GMT
[DEBUG] 2015-05-11 15:16:59,983 org.apache.http.headers receiveResponseHeader - << Content-Type: text/javascript;  charset=utf-8
[DEBUG] 2015-05-11 15:16:59,983 org.apache.http.headers receiveResponseHeader - << Content-Length: 339
[DEBUG] 2015-05-11 15:16:59,983 org.apache.http.headers receiveResponseHeader - << Connection: keep-alive
[DEBUG] 2015-05-11 15:16:59,983 org.apache.http.headers receiveResponseHeader - << RallyRequestID: qd-app-101juj4ixggxrnj1czdw9w7mww26.qd-app-1010715830
[DEBUG] 2015-05-11 15:16:59,983 org.apache.http.headers receiveResponseHeader - << Expires: Thu, 01 Jan 1970 00:00:00 GMT
[DEBUG] 2015-05-11 15:16:59,983 org.apache.http.headers receiveResponseHeader - << ETag: "040a33632b08caf55f129e2c4c6e76464"
[DEBUG] 2015-05-11 15:16:59,983 org.apache.http.headers receiveResponseHeader - << Set-Cookie: JSESSIONID=qd-app-101juj4ixggxrnj1czdw9w7mww26.qd-app-10;Path=/;Secure;HttpOnly
[DEBUG] 2015-05-11 15:16:59,983 org.apache.http.headers receiveResponseHeader - << Set-Cookie: SUBBUCKETID=46;Path=/;Domain=rally1.rallydev.com;Secure;HttpOnly
[DEBUG] 2015-05-11 15:16:59,983 org.apache.http.headers receiveResponseHeader - << Vary: Accept-Encoding
[DEBUG] 2015-05-11 15:16:59,983 org.apache.http.headers receiveResponseHeader - << Content-Encoding: gzip
[DEBUG] 2015-05-11 15:16:59,983 org.apache.http.headers receiveResponseHeader - << P3P: CP="NON DSP COR CURa PSAa PSDa OUR NOR BUS PUR COM NAV STA"
[DEBUG] 2015-05-11 15:16:59,983 org.apache.http.headers receiveResponseHeader - << Cache-Control: private,max-age=0,must-revalidate
[DEBUG] 2015-05-11 15:16:59,983 org.apache.http.headers receiveResponseHeader - << Set-Cookie: NSC_vt1.sbmmzefw.dpn!-!IUUQT=ffffffff09091c3445525d5f4f58455e445a4a42378b;path=/;secure;httponly
[DEBUG] 2015-05-11 15:16:59,983 org.apache.http.headers receiveResponseHeader - << CF-RAY: 1e4dd1747b681a42-VIE
[DEBUG] 2015-05-11 15:16:59,998 org.apache.http.client.protocol.ResponseProcessCookies processCookies - Cookie accepted [JSESSIONID="qd-app-101juj4ixggxrnj1czdw9w7mww26.qd-app-10", version:0, domain:rally1.rallydev.com, path:/, expiry:null]
[DEBUG] 2015-05-11 15:16:59,998 org.apache.http.client.protocol.ResponseProcessCookies processCookies - Cookie accepted [SUBBUCKETID="46", version:0, domain:rally1.rallydev.com, path:/, expiry:null]
[DEBUG] 2015-05-11 15:16:59,998 org.apache.http.client.protocol.ResponseProcessCookies processCookies - Cookie accepted [NSC_vt1.sbmmzefw.dpn!-!IUUQT="ffffffff09091c3445525d5f4f58455e445a4a42378b", version:0, domain:rally1.rallydev.com, path:/, expiry:null]
[DEBUG] 2015-05-11 15:16:59,998 com.rallydev.rest.client.ApiKeyClient execute - Connection can be kept alive indefinitely
[DEBUG] 2015-05-11 15:16:59,998 org.apache.http.wire wire -  << "[0x1f]"
[DEBUG] 2015-05-11 15:16:59,998 org.apache.http.wire wire -  << "[0x8b]"
[DEBUG] 2015-05-11 15:16:59,998 org.apache.http.wire wire -  << "[0x8]"
[DEBUG] 2015-05-11 15:16:59,998 org.apache.http.wire wire -  << "[0x0]"
[DEBUG] 2015-05-11 15:16:59,998 org.apache.http.wire wire -  << "[0x0][0x0][0x0][0x0][0x0][0x3]"
[DEBUG] 2015-05-11 15:16:59,998 org.apache.http.wire wire -  << "[0x95][0x90][0xcb]N[0xc3]0[0x10]E[0xc5][0xf2][0x9a]<[0x9c][0x86]6[0xe9][0xe][0xf1][0x90][0xb2][0x0][\n]"
[DEBUG] 2015-05-11 15:16:59,998 org.apache.http.wire wire -  << "i[0xe9][0x82]V[0x95][0x93]LK[0xaa][0xc4][0x8e][0xec]I!T[0xfd]w[0xec][0x4][0x10],X[0xb0][0x1a][0xdd][0xe3][0x99];w|[0xa4][0xf]-[0xa8][0xee][0x11]t[![0x9d][0x92]#[0xdd](^U[0xdd][0xc5],[0xb9][0xe5]{[0xa9][0xc][0xa2][0x1]=#?p)[0x6][0xec][|[0xad][0x94]T[0xda][0xc8][0xe7][0xb5]QK[0xae]D)v[0xbd][0xa6][0x9][0x92]R[0x13]!I%[0xc5][0xe][0x14][0x11][0x90][0x83][0xd6]\u[0x4]%[0xe1]M[0x3][0xa2] +[0xea][0xee][0xf5][0x8a]Z[0xb2]L[0x8d]9Q[0xa0]e[0xab]L[0xa3]K[0xad][0xe1]\"[0xaf][0x86]p[0x97][0xb2][0x15]6!38E[0xae]0[0x11][0x5][0xbc]}[0x82][0x19][0xdf]AZ[0xbe][0x83][0x91][0x81][0xef][0x1b]0[0xcc][0xf4]A[0xfe]{[0xd2]F[0xc1][0xd6][0x8a][0x17][0xc4]FO=[0xaf][0xef]bn_[\n]"
[DEBUG] 2015-05-11 15:16:59,998 org.apache.http.wire wire -  << "8[0xb8][0xb9][0xac]=][0xd5][0xde]+d[0x1a][0xd4][0xa1][0xcc][0xc1];[0x4][0xae][0xef]!h[0xd4][0x80][0xde][0xe8]<da[0x14][0x86]l[0xc2][0xbe][0xec][0xee][0xb3]=[0xe4][0xb8]X$W[0xd6]x[0x1c]1[0x13][0x92]e[0xe][0x1b][0x7][0xbe][0x13]fP8[0xd1]6[0xde]:Q\[0xe4][0x93]q[0x10][0xf3]0[0x8e][0xfa]I[0xd9][0x8f]=[0x81][0xd2][0xa5][0x14]vr[0xf4][0xdb][0xf0][0x8e][0xd7][0xf6]b:7[0x9b][0xcd][0xb7][0xa7][0x80]7[0xe6][0xe][0xd3]bJ[0xcd][0x11][0xa1][0x18][0x16][0xce][0xd3]>[0xc9][0x9f][0xed][0x1b][0xec][0x9a][0xef][0x17][0x83][0xe9]i}:}[0x0][\n]"
[DEBUG] 2015-05-11 15:17:00,014 org.apache.http.wire wire -  << "[0x8d][0x1b][0x18][0x1a][0x2][0x0][0x0]"
[DEBUG] 2015-05-11 15:17:00,014 org.apache.http.impl.conn.BasicClientConnectionManager releaseConnection - Releasing connection org.apache.http.impl.conn.ManagedClientConnectionImpl@23d9b6a
[DEBUG] 2015-05-11 15:17:00,014 org.apache.http.impl.conn.BasicClientConnectionManager releaseConnection - Connection can be kept alive indefinitely
[INFO] 2015-05-11 15:17:00,123 com.insertNameHere.rallyUtils.RallyTestListener logInfo - Thread 1 - We got a failure on firstTestOfPack, RallyId=[Ljava.lang.String;@29495306
[INFO] 2015-05-11 15:17:00,123 com.insertNameHere.rallyUtils.RallyUtil logInfo - Thread 1 - Opening connection to Rally...
[INFO] 2015-05-11 15:17:00,123 com.insertNameHere.rallyUtils.RallyUtil logInfo - Thread 1 - restApi se application name
[DEBUG] 2015-05-11 15:17:00,139 org.apache.http.impl.conn.BasicClientConnectionManager getConnection - Get connection for route {s}->https://rally1.rallydev.com:443
[DEBUG] 2015-05-11 15:17:00,155 org.apache.http.impl.conn.DefaultClientConnectionOperator openConnection - Connecting to rally1.rallydev.com:443
[DEBUG] 2015-05-11 15:17:00,295 org.apache.http.client.protocol.RequestAddCookies process - CookieSpec selected: default
[DEBUG] 2015-05-11 15:17:00,295 org.apache.http.client.protocol.RequestAuthCache process - Auth cache not set in the context
[DEBUG] 2015-05-11 15:17:00,295 org.apache.http.client.protocol.RequestTargetAuthentication process - Target auth state: UNCHALLENGED
[DEBUG] 2015-05-11 15:17:00,295 org.apache.http.client.protocol.RequestProxyAuthentication process - Proxy auth state: UNCHALLENGED
[DEBUG] 2015-05-11 15:17:00,295 com.rallydev.rest.client.ApiKeyClient tryExecute - Attempt 1 to execute request
[DEBUG] 2015-05-11 15:17:00,295 org.apache.http.impl.conn.DefaultClientConnection sendRequestHeader - Sending request: GET /slm/webservice/v2.0/testcase.js?start=1&pagesize=200&fetch=FormattedID%2CName&order=ObjectID&query=%28FormattedID+%3D+TC1%29 HTTP/1.1
[DEBUG] 2015-05-11 15:17:00,295 org.apache.http.wire wire -  >> "GET /slm/webservice/v2.0/testcase.js?start=1&pagesize=200&fetch=FormattedID%2CName&order=ObjectID&query=%28FormattedID+%3D+TC1%29 HTTP/1.1[\r][\n]"
[DEBUG] 2015-05-11 15:17:00,295 org.apache.http.wire wire -  >> "zsessionid: _teNVYyPxRB6BteXgZHTiLuU2I3ubfU7CpphnweRfblQ[\r][\n]"
[DEBUG] 2015-05-11 15:17:00,295 org.apache.http.wire wire -  >> "X-RallyIntegrationVersion: 1.2[\r][\n]"
[DEBUG] 2015-05-11 15:17:00,295 org.apache.http.wire wire -  >> "X-RallyIntegrationVendor: Rally Software, Inc.[\r][\n]"
[DEBUG] 2015-05-11 15:17:00,295 org.apache.http.wire wire -  >> "X-RallyIntegrationLibrary: Rally Rest API for Java v2.1.1[\r][\n]"
[DEBUG] 2015-05-11 15:17:00,295 org.apache.http.wire wire -  >> "X-RallyIntegrationName: InsertNameHereProject[\r][\n]"
[DEBUG] 2015-05-11 15:17:00,311 org.apache.http.wire wire -  >> "Accept-Encoding: gzip,deflate[\r][\n]"
[DEBUG] 2015-05-11 15:17:00,311 org.apache.http.wire wire -  >> "Host: rally1.rallydev.com[\r][\n]"
[DEBUG] 2015-05-11 15:17:00,311 org.apache.http.wire wire -  >> "Connection: Keep-Alive[\r][\n]"
[DEBUG] 2015-05-11 15:17:00,311 org.apache.http.wire wire -  >> "User-Agent: Apache-HttpClient/4.4.1 (Java/1.7.0_80-ea)[\r][\n]"
[DEBUG] 2015-05-11 15:17:00,311 org.apache.http.wire wire -  >> "[\r][\n]"
[DEBUG] 2015-05-11 15:17:00,311 org.apache.http.headers sendRequestHeader - >> GET /slm/webservice/v2.0/testcase.js?start=1&pagesize=200&fetch=FormattedID%2CName&order=ObjectID&query=%28FormattedID+%3D+TC1%29 HTTP/1.1
[DEBUG] 2015-05-11 15:17:00,311 org.apache.http.headers sendRequestHeader - >> zsessionid: _teNVYyPxRB6BteXgZHTiLuU2I3ubfU7CpphnweRfblQ
[DEBUG] 2015-05-11 15:17:00,311 org.apache.http.headers sendRequestHeader - >> X-RallyIntegrationVersion: 1.2
[DEBUG] 2015-05-11 15:17:00,311 org.apache.http.headers sendRequestHeader - >> X-RallyIntegrationVendor: Rally Software, Inc.
[DEBUG] 2015-05-11 15:17:00,311 org.apache.http.headers sendRequestHeader - >> X-RallyIntegrationLibrary: Rally Rest API for Java v2.1.1
[DEBUG] 2015-05-11 15:17:00,311 org.apache.http.headers sendRequestHeader - >> X-RallyIntegrationName: InsertNameHereProject
[DEBUG] 2015-05-11 15:17:00,311 org.apache.http.headers sendRequestHeader - >> Accept-Encoding: gzip,deflate
[DEBUG] 2015-05-11 15:17:00,311 org.apache.http.headers sendRequestHeader - >> Host: rally1.rallydev.com
[DEBUG] 2015-05-11 15:17:00,311 org.apache.http.headers sendRequestHeader - >> Connection: Keep-Alive
[DEBUG] 2015-05-11 15:17:00,311 org.apache.http.headers sendRequestHeader - >> User-Agent: Apache-HttpClient/4.4.1 (Java/1.7.0_80-ea)
[DEBUG] 2015-05-11 15:17:00,623 org.apache.http.wire wire -  << "HTTP/1.1 200 OK[\r][\n]"
[DEBUG] 2015-05-11 15:17:00,623 org.apache.http.wire wire -  << "Server: cloudflare-nginx[\r][\n]"
[DEBUG] 2015-05-11 15:17:00,623 org.apache.http.wire wire -  << "Date: Mon, 11 May 2015 12:17:00 GMT[\r][\n]"
[DEBUG] 2015-05-11 15:17:00,623 org.apache.http.wire wire -  << "Content-Type: text/javascript;  charset=utf-8[\r][\n]"
[DEBUG] 2015-05-11 15:17:00,623 org.apache.http.wire wire -  << "Content-Length: 333[\r][\n]"
[DEBUG] 2015-05-11 15:17:00,623 org.apache.http.wire wire -  << "Connection: keep-alive[\r][\n]"
[DEBUG] 2015-05-11 15:17:00,623 org.apache.http.wire wire -  << "Set-Cookie: __cfduid=da099916e5b9171b7de72a069c26a950a1431346620; expires=Tue, 10-May-16 12:17:00 GMT; path=/; domain=.rallydev.com; HttpOnly[\r][\n]"
[DEBUG] 2015-05-11 15:17:00,623 org.apache.http.wire wire -  << "RallyRequestID: qd-app-0410bs98gg4jnyo4287n3uc7kq3.qd-app-0413417704[\r][\n]"
[DEBUG] 2015-05-11 15:17:00,623 org.apache.http.wire wire -  << "Expires: Thu, 01 Jan 1970 00:00:00 GMT[\r][\n]"
[DEBUG] 2015-05-11 15:17:00,623 org.apache.http.wire wire -  << "ETag: "079ac3b8a2b51330350b0725460ea1d15"[\r][\n]"
[DEBUG] 2015-05-11 15:17:00,639 org.apache.http.wire wire -  << "Set-Cookie: JSESSIONID=qd-app-0410bs98gg4jnyo4287n3uc7kq3.qd-app-04;Path=/;Secure;HttpOnly[\r][\n]"
[DEBUG] 2015-05-11 15:17:00,639 org.apache.http.wire wire -  << "Set-Cookie: SUBBUCKETID=46;Path=/;Domain=rally1.rallydev.com;Secure;HttpOnly[\r][\n]"
[DEBUG] 2015-05-11 15:17:00,639 org.apache.http.wire wire -  << "Vary: Accept-Encoding[\r][\n]"
[DEBUG] 2015-05-11 15:17:00,639 org.apache.http.wire wire -  << "Content-Encoding: gzip[\r][\n]"
[DEBUG] 2015-05-11 15:17:00,639 org.apache.http.wire wire -  << "P3P: CP="NON DSP COR CURa PSAa PSDa OUR NOR BUS PUR COM NAV STA"[\r][\n]"
[DEBUG] 2015-05-11 15:17:00,639 org.apache.http.wire wire -  << "Cache-Control: private,max-age=0,must-revalidate[\r][\n]"
[DEBUG] 2015-05-11 15:17:00,639 org.apache.http.wire wire -  << "Set-Cookie: NSC_vt1.sbmmzefw.dpn!-!IUUQT=ffffffff09091c0645525d5f4f58455e445a4a42378b;path=/;secure;httponly[\r][\n]"
[DEBUG] 2015-05-11 15:17:00,639 org.apache.http.wire wire -  << "CF-RAY: 1e4dd1793e1a0a2a-VIE[\r][\n]"
[DEBUG] 2015-05-11 15:17:00,639 org.apache.http.wire wire -  << "[\r][\n]"
[DEBUG] 2015-05-11 15:17:00,639 org.apache.http.impl.conn.DefaultClientConnection receiveResponseHeader - Receiving response: HTTP/1.1 200 OK
[DEBUG] 2015-05-11 15:17:00,639 org.apache.http.headers receiveResponseHeader - << HTTP/1.1 200 OK
[DEBUG] 2015-05-11 15:17:00,639 org.apache.http.headers receiveResponseHeader - << Server: cloudflare-nginx
[DEBUG] 2015-05-11 15:17:00,639 org.apache.http.headers receiveResponseHeader - << Date: Mon, 11 May 2015 12:17:00 GMT
[DEBUG] 2015-05-11 15:17:00,639 org.apache.http.headers receiveResponseHeader - << Content-Type: text/javascript;  charset=utf-8
[DEBUG] 2015-05-11 15:17:00,639 org.apache.http.headers receiveResponseHeader - << Content-Length: 333
[DEBUG] 2015-05-11 15:17:00,639 org.apache.http.headers receiveResponseHeader - << Connection: keep-alive
[DEBUG] 2015-05-11 15:17:00,639 org.apache.http.headers receiveResponseHeader - << Set-Cookie: __cfduid=da099916e5b9171b7de72a069c26a950a1431346620; expires=Tue, 10-May-16 12:17:00 GMT; path=/; domain=.rallydev.com; HttpOnly
[DEBUG] 2015-05-11 15:17:00,639 org.apache.http.headers receiveResponseHeader - << RallyRequestID: qd-app-0410bs98gg4jnyo4287n3uc7kq3.qd-app-0413417704
[DEBUG] 2015-05-11 15:17:00,639 org.apache.http.headers receiveResponseHeader - << Expires: Thu, 01 Jan 1970 00:00:00 GMT
[DEBUG] 2015-05-11 15:17:00,639 org.apache.http.headers receiveResponseHeader - << ETag: "079ac3b8a2b51330350b0725460ea1d15"
[DEBUG] 2015-05-11 15:17:00,639 org.apache.http.headers receiveResponseHeader - << Set-Cookie: JSESSIONID=qd-app-0410bs98gg4jnyo4287n3uc7kq3.qd-app-04;Path=/;Secure;HttpOnly
[DEBUG] 2015-05-11 15:17:00,639 org.apache.http.headers receiveResponseHeader - << Set-Cookie: SUBBUCKETID=46;Path=/;Domain=rally1.rallydev.com;Secure;HttpOnly
[DEBUG] 2015-05-11 15:17:00,639 org.apache.http.headers receiveResponseHeader - << Vary: Accept-Encoding
[DEBUG] 2015-05-11 15:17:00,639 org.apache.http.headers receiveResponseHeader - << Content-Encoding: gzip
[DEBUG] 2015-05-11 15:17:00,639 org.apache.http.headers receiveResponseHeader - << P3P: CP="NON DSP COR CURa PSAa PSDa OUR NOR BUS PUR COM NAV STA"
[DEBUG] 2015-05-11 15:17:00,655 org.apache.http.headers receiveResponseHeader - << Cache-Control: private,max-age=0,must-revalidate
[DEBUG] 2015-05-11 15:17:00,655 org.apache.http.headers receiveResponseHeader - << Set-Cookie: NSC_vt1.sbmmzefw.dpn!-!IUUQT=ffffffff09091c0645525d5f4f58455e445a4a42378b;path=/;secure;httponly
[DEBUG] 2015-05-11 15:17:00,655 org.apache.http.headers receiveResponseHeader - << CF-RAY: 1e4dd1793e1a0a2a-VIE
[DEBUG] 2015-05-11 15:17:00,655 org.apache.http.client.protocol.ResponseProcessCookies processCookies - Cookie accepted [__cfduid="da099916e5b9171b7de72a069c26a950a1431346620", version:0, domain:rallydev.com, path:/, expiry:Tue May 10 15:17:00 EEST 2016]
[DEBUG] 2015-05-11 15:17:00,655 org.apache.http.client.protocol.ResponseProcessCookies processCookies - Cookie accepted [JSESSIONID="qd-app-0410bs98gg4jnyo4287n3uc7kq3.qd-app-04", version:0, domain:rally1.rallydev.com, path:/, expiry:null]
[DEBUG] 2015-05-11 15:17:00,655 org.apache.http.client.protocol.ResponseProcessCookies processCookies - Cookie accepted [SUBBUCKETID="46", version:0, domain:rally1.rallydev.com, path:/, expiry:null]
[DEBUG] 2015-05-11 15:17:00,655 org.apache.http.client.protocol.ResponseProcessCookies processCookies - Cookie accepted [NSC_vt1.sbmmzefw.dpn!-!IUUQT="ffffffff09091c0645525d5f4f58455e445a4a42378b", version:0, domain:rally1.rallydev.com, path:/, expiry:null]
[DEBUG] 2015-05-11 15:17:00,655 com.rallydev.rest.client.ApiKeyClient execute - Connection can be kept alive indefinitely
[DEBUG] 2015-05-11 15:17:00,655 org.apache.http.wire wire -  << "[0x1f]"
[DEBUG] 2015-05-11 15:17:00,655 org.apache.http.wire wire -  << "[0x8b]"
[DEBUG] 2015-05-11 15:17:00,655 org.apache.http.wire wire -  << "[0x8]"
[DEBUG] 2015-05-11 15:17:00,655 org.apache.http.wire wire -  << "[0x0]"
[DEBUG] 2015-05-11 15:17:00,655 org.apache.http.wire wire -  << "[0x0][0x0][0x0][0x0][0x0][0x3]"
[DEBUG] 2015-05-11 15:17:00,655 org.apache.http.wire wire -  << "[0x95][0x8f]QO[0x83]0[0x14][0x85][0xff]J[0xd3]g[0x81][0xc2][0x90][0xe1][0xde][0xcc][0xd4][0x84][0x7]u[0xba][0xcd]=[0xb8][0x85][0x14][0xb8][0x9b],[0xd0][0x92][0xdb]2[0xc5]e[0xff][0xdd][0x16][0xd4]h|[0xf2][0xa9]9_[0xef]9[0xf7][0xdc]#}h[0x1][0xbb]GPm[0xa5][0xe9][0x84][0x1c]i[0x8a][0xbc][0xaa][0xba][0xcb]Yr[0xcb][0xf7][0x12][\r][0xa2][0x1]=#?p)[0x6][0xcc],[0xbe]F[0x94][0xa8][0x8c]|[0xde][0x18][0xb5][0xe2](J[0xb1][0xeb]5M4)[0x15][0x11][0x92]TR[0xec][0x0][0x89][0x80][0x1c][0x94][0xe2][0xd8][0x11]-[0x9]o[0x1a][0x10][0x5]YSw[0xaf][0xd6][0xd4][0x92][0xd5][0xdc][0x84][0x13][0x4]%[4[0x83].[0xb5][0x81][0xb][0xa9]y5[0x94][0x9b][0xca]V[0xd8][0x86][0xbe][0xc1]s[0xcd]Q'[0xa2][0x80][0xb7]O0[0xe3];[0x98][0x97][0xef]`d[0xc0][0x98][0x1][0x83][0xa7]/[0xf2][0xdf][0x93]R[0x84][0xad][0x15]/Z7j[0xe2]y[0xfd][0x94][0xef][0xf6]O[0x1][0x7]7[0x97][0xb5][0xa7][0xaa][0xda]{[0x85]L[0x1][0x1e][0xca][0x1c][0xbc]C[0xe0]2O[0x83][0xd2]9W[0xe0][0x8d][0xce]Ga[0xc4]B6[0xe][0xa2][0xaf][0xbc][0xfb]l[0xf][0xb9]^.[0x93]+[0x9b][0x1c]E[0xc0][0xe3]p[0xb4]u[0x8a] [0x8f][0x9d]0[0x8b][0xb7]N[0xcc]y[0xe4]D~pQ[0x84]1[0x8b]X[0xc6]{[0xa7][0xec]mO[0x80][0xaa][0x94][0xc2]:[0xc7][0xbf][0x3][0xef]xmO[0xa6][0xb][0xb3][0xda][0xb7]_7[0x12]k[0xae]5[0x14][0xc3][0xa2][0xc5][0xb4][0xa7][0xc6]R[0xdd]5[0xdf]dj:[0xd3][0xd3][0xe6]t[0xfa][0x0][0xc0][0xa3][0x9d]L[0xc][0x2][0x0][0x0]"
[DEBUG] 2015-05-11 15:17:00,670 org.apache.http.impl.conn.BasicClientConnectionManager releaseConnection - Releasing connection org.apache.http.impl.conn.ManagedClientConnectionImpl@35b1df2e
[DEBUG] 2015-05-11 15:17:00,670 org.apache.http.impl.conn.BasicClientConnectionManager releaseConnection - Connection can be kept alive indefinitely
[DEBUG] 2015-05-11 15:17:00,670 org.apache.http.impl.conn.BasicClientConnectionManager getConnection - Get connection for route {s}->https://rally1.rallydev.com:443
[DEBUG] 2015-05-11 15:17:00,670 com.rallydev.rest.client.ApiKeyClient execute - Stale connection check
[DEBUG] 2015-05-11 15:17:00,686 org.apache.http.client.protocol.RequestAddCookies process - CookieSpec selected: default
[DEBUG] 2015-05-11 15:17:00,686 org.apache.http.client.protocol.RequestAddCookies process - Cookie [version: 0][name: JSESSIONID][value: qd-app-0410bs98gg4jnyo4287n3uc7kq3.qd-app-04][domain: rally1.rallydev.com][path: /][expiry: null] match [(secure)rally1.rallydev.com:443/slm/webservice/v2.0/testset.js]
[DEBUG] 2015-05-11 15:17:00,686 org.apache.http.client.protocol.RequestAddCookies process - Cookie [version: 0][name: NSC_vt1.sbmmzefw.dpn!-!IUUQT][value: ffffffff09091c0645525d5f4f58455e445a4a42378b][domain: rally1.rallydev.com][path: /][expiry: null] match [(secure)rally1.rallydev.com:443/slm/webservice/v2.0/testset.js]
[DEBUG] 2015-05-11 15:17:00,686 org.apache.http.client.protocol.RequestAddCookies process - Cookie [version: 0][name: SUBBUCKETID][value: 46][domain: rally1.rallydev.com][path: /][expiry: null] match [(secure)rally1.rallydev.com:443/slm/webservice/v2.0/testset.js]
[DEBUG] 2015-05-11 15:17:00,686 org.apache.http.client.protocol.RequestAddCookies process - Cookie [version: 0][name: __cfduid][value: da099916e5b9171b7de72a069c26a950a1431346620][domain: rallydev.com][path: /][expiry: Tue May 10 15:17:00 EEST 2016] match [(secure)rally1.rallydev.com:443/slm/webservice/v2.0/testset.js]
[DEBUG] 2015-05-11 15:17:00,686 org.apache.http.client.protocol.RequestAuthCache process - Auth cache not set in the context
[DEBUG] 2015-05-11 15:17:00,686 org.apache.http.client.protocol.RequestTargetAuthentication process - Target auth state: UNCHALLENGED
[DEBUG] 2015-05-11 15:17:00,686 org.apache.http.client.protocol.RequestProxyAuthentication process - Proxy auth state: UNCHALLENGED
[DEBUG] 2015-05-11 15:17:00,686 com.rallydev.rest.client.ApiKeyClient tryExecute - Attempt 1 to execute request
[DEBUG] 2015-05-11 15:17:00,686 org.apache.http.impl.conn.DefaultClientConnection sendRequestHeader - Sending request: GET /slm/webservice/v2.0/testset.js?start=1&pagesize=200&fetch=FormattedID%2CName&order=ObjectID&query=%28FormattedID+%3D+TS1%29 HTTP/1.1
[DEBUG] 2015-05-11 15:17:00,686 org.apache.http.wire wire -  >> "GET /slm/webservice/v2.0/testset.js?start=1&pagesize=200&fetch=FormattedID%2CName&order=ObjectID&query=%28FormattedID+%3D+TS1%29 HTTP/1.1[\r][\n]"
[DEBUG] 2015-05-11 15:17:00,686 org.apache.http.wire wire -  >> "zsessionid: _teNVYyPxRB6BteXgZHTiLuU2I3ubfU7CpphnweRfblQ[\r][\n]"
[DEBUG] 2015-05-11 15:17:00,686 org.apache.http.wire wire -  >> "X-RallyIntegrationVersion: 1.2[\r][\n]"
[DEBUG] 2015-05-11 15:17:00,686 org.apache.http.wire wire -  >> "X-RallyIntegrationVendor: Rally Software, Inc.[\r][\n]"
[DEBUG] 2015-05-11 15:17:00,686 org.apache.http.wire wire -  >> "X-RallyIntegrationLibrary: Rally Rest API for Java v2.1.1[\r][\n]"
[DEBUG] 2015-05-11 15:17:00,686 org.apache.http.wire wire -  >> "X-RallyIntegrationName: InsertNameHereProject[\r][\n]"
[DEBUG] 2015-05-11 15:17:00,686 org.apache.http.wire wire -  >> "Accept-Encoding: gzip,deflate[\r][\n]"
[DEBUG] 2015-05-11 15:17:00,686 org.apache.http.wire wire -  >> "Host: rally1.rallydev.com[\r][\n]"
[DEBUG] 2015-05-11 15:17:00,686 org.apache.http.wire wire -  >> "Connection: Keep-Alive[\r][\n]"
[DEBUG] 2015-05-11 15:17:00,686 org.apache.http.wire wire -  >> "User-Agent: Apache-HttpClient/4.4.1 (Java/1.7.0_80-ea)[\r][\n]"
[DEBUG] 2015-05-11 15:17:00,686 org.apache.http.wire wire -  >> "Cookie: JSESSIONID=qd-app-0410bs98gg4jnyo4287n3uc7kq3.qd-app-04; NSC_vt1.sbmmzefw.dpn!-!IUUQT=ffffffff09091c0645525d5f4f58455e445a4a42378b; SUBBUCKETID=46; __cfduid=da099916e5b9171b7de72a069c26a950a1431346620[\r][\n]"
[DEBUG] 2015-05-11 15:17:00,686 org.apache.http.wire wire -  >> "[\r][\n]"
[DEBUG] 2015-05-11 15:17:00,701 org.apache.http.headers sendRequestHeader - >> GET /slm/webservice/v2.0/testset.js?start=1&pagesize=200&fetch=FormattedID%2CName&order=ObjectID&query=%28FormattedID+%3D+TS1%29 HTTP/1.1
[DEBUG] 2015-05-11 15:17:00,701 org.apache.http.headers sendRequestHeader - >> zsessionid: _teNVYyPxRB6BteXgZHTiLuU2I3ubfU7CpphnweRfblQ
[DEBUG] 2015-05-11 15:17:00,701 org.apache.http.headers sendRequestHeader - >> X-RallyIntegrationVersion: 1.2
[DEBUG] 2015-05-11 15:17:00,701 org.apache.http.headers sendRequestHeader - >> X-RallyIntegrationVendor: Rally Software, Inc.
[DEBUG] 2015-05-11 15:17:00,701 org.apache.http.headers sendRequestHeader - >> X-RallyIntegrationLibrary: Rally Rest API for Java v2.1.1
[DEBUG] 2015-05-11 15:17:00,701 org.apache.http.headers sendRequestHeader - >> X-RallyIntegrationName: InsertNameHereProject
[DEBUG] 2015-05-11 15:17:00,701 org.apache.http.headers sendRequestHeader - >> Accept-Encoding: gzip,deflate
[DEBUG] 2015-05-11 15:17:00,701 org.apache.http.headers sendRequestHeader - >> Host: rally1.rallydev.com
[DEBUG] 2015-05-11 15:17:00,701 org.apache.http.headers sendRequestHeader - >> Connection: Keep-Alive
[DEBUG] 2015-05-11 15:17:00,701 org.apache.http.headers sendRequestHeader - >> User-Agent: Apache-HttpClient/4.4.1 (Java/1.7.0_80-ea)
[DEBUG] 2015-05-11 15:17:00,701 org.apache.http.headers sendRequestHeader - >> Cookie: JSESSIONID=qd-app-0410bs98gg4jnyo4287n3uc7kq3.qd-app-04; NSC_vt1.sbmmzefw.dpn!-!IUUQT=ffffffff09091c0645525d5f4f58455e445a4a42378b; SUBBUCKETID=46; __cfduid=da099916e5b9171b7de72a069c26a950a1431346620
[DEBUG] 2015-05-11 15:17:00,983 org.apache.http.wire wire -  << "HTTP/1.1 200 OK[\r][\n]"
[DEBUG] 2015-05-11 15:17:00,983 org.apache.http.wire wire -  << "Server: cloudflare-nginx[\r][\n]"
[DEBUG] 2015-05-11 15:17:00,983 org.apache.http.wire wire -  << "Date: Mon, 11 May 2015 12:17:00 GMT[\r][\n]"
[DEBUG] 2015-05-11 15:17:00,983 org.apache.http.wire wire -  << "Content-Type: text/javascript;  charset=utf-8[\r][\n]"
[DEBUG] 2015-05-11 15:17:00,983 org.apache.http.wire wire -  << "Content-Length: 339[\r][\n]"
[DEBUG] 2015-05-11 15:17:00,983 org.apache.http.wire wire -  << "Connection: keep-alive[\r][\n]"
[DEBUG] 2015-05-11 15:17:00,983 org.apache.http.wire wire -  << "RallyRequestID: qd-app-0410bs98gg4jnyo4287n3uc7kq3.qd-app-0413417751[\r][\n]"
[DEBUG] 2015-05-11 15:17:00,983 org.apache.http.wire wire -  << "Expires: Thu, 01 Jan 1970 00:00:00 GMT[\r][\n]"
[DEBUG] 2015-05-11 15:17:00,983 org.apache.http.wire wire -  << "ETag: "040a33632b08caf55f129e2c4c6e76464"[\r][\n]"
[DEBUG] 2015-05-11 15:17:00,983 org.apache.http.wire wire -  << "Set-Cookie: SUBBUCKETID=46;Path=/;Domain=rally1.rallydev.com;Secure;HttpOnly[\r][\n]"
[DEBUG] 2015-05-11 15:17:00,983 org.apache.http.wire wire -  << "Vary: Accept-Encoding[\r][\n]"
[DEBUG] 2015-05-11 15:17:00,983 org.apache.http.wire wire -  << "Content-Encoding: gzip[\r][\n]"
[DEBUG] 2015-05-11 15:17:00,983 org.apache.http.wire wire -  << "P3P: CP="NON DSP COR CURa PSAa PSDa OUR NOR BUS PUR COM NAV STA"[\r][\n]"
[DEBUG] 2015-05-11 15:17:00,998 org.apache.http.wire wire -  << "Cache-Control: private,max-age=0,must-revalidate[\r][\n]"
[DEBUG] 2015-05-11 15:17:00,998 org.apache.http.wire wire -  << "CF-RAY: 1e4dd17bae1f0a2a-VIE[\r][\n]"
[DEBUG] 2015-05-11 15:17:00,998 org.apache.http.wire wire -  << "[\r][\n]"
[DEBUG] 2015-05-11 15:17:00,998 org.apache.http.impl.conn.DefaultClientConnection receiveResponseHeader - Receiving response: HTTP/1.1 200 OK
[DEBUG] 2015-05-11 15:17:00,998 org.apache.http.headers receiveResponseHeader - << HTTP/1.1 200 OK
[DEBUG] 2015-05-11 15:17:00,998 org.apache.http.headers receiveResponseHeader - << Server: cloudflare-nginx
[DEBUG] 2015-05-11 15:17:00,998 org.apache.http.headers receiveResponseHeader - << Date: Mon, 11 May 2015 12:17:00 GMT
[DEBUG] 2015-05-11 15:17:00,998 org.apache.http.headers receiveResponseHeader - << Content-Type: text/javascript;  charset=utf-8
[DEBUG] 2015-05-11 15:17:00,998 org.apache.http.headers receiveResponseHeader - << Content-Length: 339
[DEBUG] 2015-05-11 15:17:00,998 org.apache.http.headers receiveResponseHeader - << Connection: keep-alive
[DEBUG] 2015-05-11 15:17:00,998 org.apache.http.headers receiveResponseHeader - << RallyRequestID: qd-app-0410bs98gg4jnyo4287n3uc7kq3.qd-app-0413417751
[DEBUG] 2015-05-11 15:17:00,998 org.apache.http.headers receiveResponseHeader - << Expires: Thu, 01 Jan 1970 00:00:00 GMT
[DEBUG] 2015-05-11 15:17:00,998 org.apache.http.headers receiveResponseHeader - << ETag: "040a33632b08caf55f129e2c4c6e76464"
[DEBUG] 2015-05-11 15:17:00,998 org.apache.http.headers receiveResponseHeader - << Set-Cookie: SUBBUCKETID=46;Path=/;Domain=rally1.rallydev.com;Secure;HttpOnly
[DEBUG] 2015-05-11 15:17:00,998 org.apache.http.headers receiveResponseHeader - << Vary: Accept-Encoding
[DEBUG] 2015-05-11 15:17:00,998 org.apache.http.headers receiveResponseHeader - << Content-Encoding: gzip
[DEBUG] 2015-05-11 15:17:00,998 org.apache.http.headers receiveResponseHeader - << P3P: CP="NON DSP COR CURa PSAa PSDa OUR NOR BUS PUR COM NAV STA"
[DEBUG] 2015-05-11 15:17:00,998 org.apache.http.headers receiveResponseHeader - << Cache-Control: private,max-age=0,must-revalidate
[DEBUG] 2015-05-11 15:17:00,998 org.apache.http.headers receiveResponseHeader - << CF-RAY: 1e4dd17bae1f0a2a-VIE
[DEBUG] 2015-05-11 15:17:00,998 org.apache.http.client.protocol.ResponseProcessCookies processCookies - Cookie accepted [SUBBUCKETID="46", version:0, domain:rally1.rallydev.com, path:/, expiry:null]
[DEBUG] 2015-05-11 15:17:00,998 com.rallydev.rest.client.ApiKeyClient execute - Connection can be kept alive indefinitely
[DEBUG] 2015-05-11 15:17:00,998 org.apache.http.wire wire -  << "[0x1f]"
[DEBUG] 2015-05-11 15:17:00,998 org.apache.http.wire wire -  << "[0x8b]"
[DEBUG] 2015-05-11 15:17:01,014 org.apache.http.wire wire -  << "[0x8]"
[DEBUG] 2015-05-11 15:17:01,014 org.apache.http.wire wire -  << "[0x0]"
[DEBUG] 2015-05-11 15:17:01,014 org.apache.http.wire wire -  << "[0x0][0x0][0x0][0x0][0x0][0x3]"
[DEBUG] 2015-05-11 15:17:01,014 org.apache.http.wire wire -  << "[0x95][0x90][0xcb]N[0xc3]0[0x10]E[0xc5][0xf2][0x9a]<[0x9c][0x86]6[0xe9][0xe][0xf1][0x90][0xb2][0x0][\n]"
[DEBUG] 2015-05-11 15:17:01,014 org.apache.http.wire wire -  << "i[0xe9][0x82]V[0x95][0x93]LK[0xaa][0xc4][0x8e][0xec]I!T[0xfd]w[0xec][0x4][0x10],X[0xb0][0x1a][0xdd][0xe3][0x99];w|[0xa4][0xf]-[0xa8][0xee][0x11]t[![0x9d][0x92]#[0xdd](^U[0xdd][0xc5],[0xb9][0xe5]{[0xa9][0xc][0xa2][0x1]=#?p)[0x6][0xec][|[0xad][0x94]T[0xda][0xc8][0xe7][0xb5]QK[0xae]D)v[0xbd][0xa6][0x9][0x92]R[0x13]!I%[0xc5][0xe][0x14][0x11][0x90][0x83][0xd6]\u[0x4]%[0xe1]M[0x3][0xa2] +[0xea][0xee][0xf5][0x8a]Z[0xb2]L[0x8d]9Q[0xa0]e[0xab]L[0xa3]K[0xad][0xe1]\"[0xaf][0x86]p[0x97][0xb2][0x15]6!38E[0xae]0[0x11][0x5][0xbc]}[0x82][0x19][0xdf]AZ[0xbe][0x83][0x91][0x81][0xef][0x1b]0[0xcc][0xf4]A[0xfe]{[0xd2]F[0xc1][0xd6][0x8a][0x17][0xc4]FO=[0xaf][0xef]bn_[\n]"
[DEBUG] 2015-05-11 15:17:01,014 org.apache.http.wire wire -  << "8[0xb8][0xb9][0xac]=][0xd5][0xde]+d[0x1a][0xd4][0xa1][0xcc][0xc1];[0x4][0xae][0xef]!h[0xd4][0x80][0xde][0xe8]<da[0x14][0x86]l[0xc2][0xbe][0xec][0xee][0xb3]=[0xe4][0xb8]X$W[0xd6]x[0x1c]1[0x13][0x92]e[0xe][0x1b][0x7][0xbe][0x13]fP8[0xd1]6[0xde]:Q\[0xe4][0x93]q[0x10][0xf3]0[0x8e][0xfa]I[0xd9][0x8f]=[0x81][0xd2][0xa5][0x14]vr[0xf4][0xdb][0xf0][0x8e][0xd7][0xf6]b:7[0x9b][0xcd][0xb7][0xa7][0x80]7[0xe6][0xe][0xd3]bJ[0xcd][0x11][0xa1][0x18][0x16][0xce][0xd3]>[0xc9][0x9f][0xed][0x1b][0xec][0x9a][0xef][0x17][0x83][0xe9]i}:}[0x0][\n]"
[DEBUG] 2015-05-11 15:17:01,014 org.apache.http.wire wire -  << "[0x8d][0x1b][0x18][0x1a][0x2][0x0][0x0]"
[DEBUG] 2015-05-11 15:17:01,014 org.apache.http.impl.conn.BasicClientConnectionManager releaseConnection - Releasing connection org.apache.http.impl.conn.ManagedClientConnectionImpl@5087a04e
[DEBUG] 2015-05-11 15:17:01,014 org.apache.http.impl.conn.BasicClientConnectionManager releaseConnection - Connection can be kept alive indefinitely
[DEBUG] 2015-05-11 15:17:01,061 org.apache.http.impl.conn.BasicClientConnectionManager getConnection - Get connection for route {s}->https://rally1.rallydev.com:443
[DEBUG] 2015-05-11 15:17:01,061 com.rallydev.rest.client.ApiKeyClient execute - Stale connection check
[DEBUG] 2015-05-11 15:17:01,077 org.apache.http.client.protocol.RequestAddCookies process - CookieSpec selected: default
[DEBUG] 2015-05-11 15:17:01,077 org.apache.http.client.protocol.RequestAddCookies process - Cookie [version: 0][name: JSESSIONID][value: qd-app-0410bs98gg4jnyo4287n3uc7kq3.qd-app-04][domain: rally1.rallydev.com][path: /][expiry: null] match [(secure)rally1.rallydev.com:443/slm/webservice/v2.0/testcaseresult/create.js]
[DEBUG] 2015-05-11 15:17:01,077 org.apache.http.client.protocol.RequestAddCookies process - Cookie [version: 0][name: NSC_vt1.sbmmzefw.dpn!-!IUUQT][value: ffffffff09091c0645525d5f4f58455e445a4a42378b][domain: rally1.rallydev.com][path: /][expiry: null] match [(secure)rally1.rallydev.com:443/slm/webservice/v2.0/testcaseresult/create.js]
[DEBUG] 2015-05-11 15:17:01,077 org.apache.http.client.protocol.RequestAddCookies process - Cookie [version: 0][name: SUBBUCKETID][value: 46][domain: rally1.rallydev.com][path: /][expiry: null] match [(secure)rally1.rallydev.com:443/slm/webservice/v2.0/testcaseresult/create.js]
[DEBUG] 2015-05-11 15:17:01,077 org.apache.http.client.protocol.RequestAddCookies process - Cookie [version: 0][name: __cfduid][value: da099916e5b9171b7de72a069c26a950a1431346620][domain: rallydev.com][path: /][expiry: Tue May 10 15:17:00 EEST 2016] match [(secure)rally1.rallydev.com:443/slm/webservice/v2.0/testcaseresult/create.js]
[DEBUG] 2015-05-11 15:17:01,077 org.apache.http.client.protocol.RequestAuthCache process - Auth cache not set in the context
[DEBUG] 2015-05-11 15:17:01,077 org.apache.http.client.protocol.RequestTargetAuthentication process - Target auth state: UNCHALLENGED
[DEBUG] 2015-05-11 15:17:01,077 org.apache.http.client.protocol.RequestProxyAuthentication process - Proxy auth state: UNCHALLENGED
[DEBUG] 2015-05-11 15:17:01,077 com.rallydev.rest.client.ApiKeyClient tryExecute - Attempt 1 to execute request
[DEBUG] 2015-05-11 15:17:01,077 org.apache.http.impl.conn.DefaultClientConnection sendRequestHeader - Sending request: POST /slm/webservice/v2.0/testcaseresult/create.js?fetch=true HTTP/1.1
[DEBUG] 2015-05-11 15:17:01,077 org.apache.http.wire wire -  >> "POST /slm/webservice/v2.0/testcaseresult/create.js?fetch=true HTTP/1.1[\r][\n]"
[DEBUG] 2015-05-11 15:17:01,077 org.apache.http.wire wire -  >> "zsessionid: _teNVYyPxRB6BteXgZHTiLuU2I3ubfU7CpphnweRfblQ[\r][\n]"
[DEBUG] 2015-05-11 15:17:01,077 org.apache.http.wire wire -  >> "X-RallyIntegrationVersion: 1.2[\r][\n]"
[DEBUG] 2015-05-11 15:17:01,077 org.apache.http.wire wire -  >> "X-RallyIntegrationVendor: Rally Software, Inc.[\r][\n]"
[DEBUG] 2015-05-11 15:17:01,077 org.apache.http.wire wire -  >> "X-RallyIntegrationLibrary: Rally Rest API for Java v2.1.1[\r][\n]"
[DEBUG] 2015-05-11 15:17:01,077 org.apache.http.wire wire -  >> "X-RallyIntegrationName: InsertNameHereProject[\r][\n]"
[DEBUG] 2015-05-11 15:17:01,077 org.apache.http.wire wire -  >> "Accept-Encoding: gzip,deflate[\r][\n]"
[DEBUG] 2015-05-11 15:17:01,077 org.apache.http.wire wire -  >> "Content-Length: 169[\r][\n]"
[DEBUG] 2015-05-11 15:17:01,077 org.apache.http.wire wire -  >> "Content-Type: text/plain; charset=UTF-8[\r][\n]"
[DEBUG] 2015-05-11 15:17:01,077 org.apache.http.wire wire -  >> "Host: rally1.rallydev.com[\r][\n]"
[DEBUG] 2015-05-11 15:17:01,077 org.apache.http.wire wire -  >> "Connection: Keep-Alive[\r][\n]"
[DEBUG] 2015-05-11 15:17:01,077 org.apache.http.wire wire -  >> "User-Agent: Apache-HttpClient/4.4.1 (Java/1.7.0_80-ea)[\r][\n]"
[DEBUG] 2015-05-11 15:17:01,077 org.apache.http.wire wire -  >> "Cookie: JSESSIONID=qd-app-0410bs98gg4jnyo4287n3uc7kq3.qd-app-04; NSC_vt1.sbmmzefw.dpn!-!IUUQT=ffffffff09091c0645525d5f4f58455e445a4a42378b; SUBBUCKETID=46; __cfduid=da099916e5b9171b7de72a069c26a950a1431346620[\r][\n]"
[DEBUG] 2015-05-11 15:17:01,077 org.apache.http.wire wire -  >> "[\r][\n]"
[DEBUG] 2015-05-11 15:17:01,077 org.apache.http.headers sendRequestHeader - >> POST /slm/webservice/v2.0/testcaseresult/create.js?fetch=true HTTP/1.1
[DEBUG] 2015-05-11 15:17:01,077 org.apache.http.headers sendRequestHeader - >> zsessionid: _teNVYyPxRB6BteXgZHTiLuU2I3ubfU7CpphnweRfblQ
[DEBUG] 2015-05-11 15:17:01,077 org.apache.http.headers sendRequestHeader - >> X-RallyIntegrationVersion: 1.2
[DEBUG] 2015-05-11 15:17:01,077 org.apache.http.headers sendRequestHeader - >> X-RallyIntegrationVendor: Rally Software, Inc.
[DEBUG] 2015-05-11 15:17:01,077 org.apache.http.headers sendRequestHeader - >> X-RallyIntegrationLibrary: Rally Rest API for Java v2.1.1
[DEBUG] 2015-05-11 15:17:01,077 org.apache.http.headers sendRequestHeader - >> X-RallyIntegrationName: InsertNameHereProject
[DEBUG] 2015-05-11 15:17:01,077 org.apache.http.headers sendRequestHeader - >> Accept-Encoding: gzip,deflate
[DEBUG] 2015-05-11 15:17:01,077 org.apache.http.headers sendRequestHeader - >> Content-Length: 169
[DEBUG] 2015-05-11 15:17:01,077 org.apache.http.headers sendRequestHeader - >> Content-Type: text/plain; charset=UTF-8
[DEBUG] 2015-05-11 15:17:01,077 org.apache.http.headers sendRequestHeader - >> Host: rally1.rallydev.com
[DEBUG] 2015-05-11 15:17:01,077 org.apache.http.headers sendRequestHeader - >> Connection: Keep-Alive
[DEBUG] 2015-05-11 15:17:01,077 org.apache.http.headers sendRequestHeader - >> User-Agent: Apache-HttpClient/4.4.1 (Java/1.7.0_80-ea)
[DEBUG] 2015-05-11 15:17:01,077 org.apache.http.headers sendRequestHeader - >> Cookie: JSESSIONID=qd-app-0410bs98gg4jnyo4287n3uc7kq3.qd-app-04; NSC_vt1.sbmmzefw.dpn!-!IUUQT=ffffffff09091c0645525d5f4f58455e445a4a42378b; SUBBUCKETID=46; __cfduid=da099916e5b9171b7de72a069c26a950a1431346620
[DEBUG] 2015-05-11 15:17:01,077 org.apache.http.wire wire -  >> "{"testcaseresult":{"TestSet":"35346040726","TestCase":"35414844171","Date":"2015-05-11T03:17:01.014Z","Verdict":"Fail","Tester":"","Build":"Version: 3.4.2","Notes":"1"}}"
[DEBUG] 2015-05-11 15:17:01,811 org.apache.http.wire wire -  << "HTTP/1.1 200 OK[\r][\n]"
[DEBUG] 2015-05-11 15:17:01,827 org.apache.http.wire wire -  << "Server: cloudflare-nginx[\r][\n]"
[DEBUG] 2015-05-11 15:17:01,827 org.apache.http.wire wire -  << "Date: Mon, 11 May 2015 12:17:01 GMT[\r][\n]"
[DEBUG] 2015-05-11 15:17:01,827 org.apache.http.wire wire -  << "Content-Type: text/javascript;  charset=utf-8[\r][\n]"
[DEBUG] 2015-05-11 15:17:01,827 org.apache.http.wire wire -  << "Content-Length: 183[\r][\n]"
[DEBUG] 2015-05-11 15:17:01,827 org.apache.http.wire wire -  << "Connection: keep-alive[\r][\n]"
[DEBUG] 2015-05-11 15:17:01,827 org.apache.http.wire wire -  << "RallyRequestID: qd-app-0410bs98gg4jnyo4287n3uc7kq3.qd-app-0413417861[\r][\n]"
[DEBUG] 2015-05-11 15:17:01,827 org.apache.http.wire wire -  << "Expires: Thu, 01 Jan 1970 00:00:00 GMT[\r][\n]"
[DEBUG] 2015-05-11 15:17:01,827 org.apache.http.wire wire -  << "Set-Cookie: SUBBUCKETID=46;Path=/;Domain=rally1.rallydev.com;Secure;HttpOnly[\r][\n]"
[DEBUG] 2015-05-11 15:17:01,827 org.apache.http.wire wire -  << "Vary: Accept-Encoding[\r][\n]"
[DEBUG] 2015-05-11 15:17:01,827 org.apache.http.wire wire -  << "Content-Encoding: gzip[\r][\n]"
[DEBUG] 2015-05-11 15:17:01,827 org.apache.http.wire wire -  << "P3P: CP="NON DSP COR CURa PSAa PSDa OUR NOR BUS PUR COM NAV STA"[\r][\n]"
[DEBUG] 2015-05-11 15:17:01,827 org.apache.http.wire wire -  << "Cache-Control: private,max-age=0,must-revalidate[\r][\n]"
[DEBUG] 2015-05-11 15:17:01,827 org.apache.http.wire wire -  << "CF-RAY: 1e4dd17e0e260a2a-VIE[\r][\n]"
[DEBUG] 2015-05-11 15:17:01,827 org.apache.http.wire wire -  << "[\r][\n]"
[DEBUG] 2015-05-11 15:17:01,827 org.apache.http.impl.conn.DefaultClientConnection receiveResponseHeader - Receiving response: HTTP/1.1 200 OK
[DEBUG] 2015-05-11 15:17:01,827 org.apache.http.headers receiveResponseHeader - << HTTP/1.1 200 OK
[DEBUG] 2015-05-11 15:17:01,827 org.apache.http.headers receiveResponseHeader - << Server: cloudflare-nginx
[DEBUG] 2015-05-11 15:17:01,827 org.apache.http.headers receiveResponseHeader - << Date: Mon, 11 May 2015 12:17:01 GMT
[DEBUG] 2015-05-11 15:17:01,827 org.apache.http.headers receiveResponseHeader - << Content-Type: text/javascript;  charset=utf-8
[DEBUG] 2015-05-11 15:17:01,827 org.apache.http.headers receiveResponseHeader - << Content-Length: 183
[DEBUG] 2015-05-11 15:17:01,827 org.apache.http.headers receiveResponseHeader - << Connection: keep-alive
[DEBUG] 2015-05-11 15:17:01,827 org.apache.http.headers receiveResponseHeader - << RallyRequestID: qd-app-0410bs98gg4jnyo4287n3uc7kq3.qd-app-0413417861
[DEBUG] 2015-05-11 15:17:01,827 org.apache.http.headers receiveResponseHeader - << Expires: Thu, 01 Jan 1970 00:00:00 GMT
[DEBUG] 2015-05-11 15:17:01,827 org.apache.http.headers receiveResponseHeader - << Set-Cookie: SUBBUCKETID=46;Path=/;Domain=rally1.rallydev.com;Secure;HttpOnly
[DEBUG] 2015-05-11 15:17:01,842 org.apache.http.headers receiveResponseHeader - << Vary: Accept-Encoding
[DEBUG] 2015-05-11 15:17:01,842 org.apache.http.headers receiveResponseHeader - << Content-Encoding: gzip
[DEBUG] 2015-05-11 15:17:01,842 org.apache.http.headers receiveResponseHeader - << P3P: CP="NON DSP COR CURa PSAa PSDa OUR NOR BUS PUR COM NAV STA"
[DEBUG] 2015-05-11 15:17:01,842 org.apache.http.headers receiveResponseHeader - << Cache-Control: private,max-age=0,must-revalidate
[DEBUG] 2015-05-11 15:17:01,842 org.apache.http.headers receiveResponseHeader - << CF-RAY: 1e4dd17e0e260a2a-VIE
[DEBUG] 2015-05-11 15:17:01,842 org.apache.http.client.protocol.ResponseProcessCookies processCookies - Cookie accepted [SUBBUCKETID="46", version:0, domain:rally1.rallydev.com, path:/, expiry:null]
[DEBUG] 2015-05-11 15:17:01,842 com.rallydev.rest.client.ApiKeyClient execute - Connection can be kept alive indefinitely
[DEBUG] 2015-05-11 15:17:01,842 org.apache.http.wire wire -  << "[0x1f]"
[DEBUG] 2015-05-11 15:17:01,842 org.apache.http.wire wire -  << "[0x8b]"
[DEBUG] 2015-05-11 15:17:01,842 org.apache.http.wire wire -  << "[0x8]"
[DEBUG] 2015-05-11 15:17:01,842 org.apache.http.wire wire -  << "[0x0]"
[DEBUG] 2015-05-11 15:17:01,842 org.apache.http.wire wire -  << "[0x0][0x0][0x0][0x0][0x0][0x3]"
[DEBUG] 2015-05-11 15:17:01,842 org.apache.http.wire wire -  << "U[0x8e][0xc1][\n]"
[DEBUG] 2015-05-11 15:17:01,842 org.apache.http.wire wire -  << "[0x82]@[0x10][0x86]_e[0x98]sH[0xd6]F[0xe1]-[0xa4][0x83][0x87] [0xea][0xe0]!%6[0x9d]DYvev=[0x88][0xf8][0xee][0x8d]x[0xa9][0xcb][0xc0][0xff][0xf1][0xcf]73a[0xca][0xa4][0x3][0xdd][0xc9][0xf]&`[0x2][0x13][0xbe]X[0x1b]3[0x9e]o[0xd9]Uw[0x8e][0x5][0xe1][0xe]7[0xf0][0x83][[0xbb][0xe2][0xed][0x82]/[0xcc][0x8e][0xbd][0xc4]'[0xa6]n05X[0x17]@[0x94]u[0x2][0xff]Y[0xc6][0x87][0x98]lE5[0xb8]wGU[0x80][0xfd]A[0xc5][0xea][0xa4]T|[0x8c][0xb1][0x14]W[0xae][0xd9][0xb6][0xb6]YmY[0x80][0xd6][0xcb]6[0x18]g[0x1b]b[0xb0]T[0x91][0xf7][0x9a]G[0x8][0xe]t[0xdf][0x93][0xad][0xa1][0xc0][0xa8][0xf3][0x5].$[0xc8]kr[0xc3][0xbb][0x81][0xa5][0x18]a9[0xcf]_L)t[0x85][0xdd][0x0][0x0][0x0]"
[DEBUG] 2015-05-11 15:17:01,842 org.apache.http.impl.conn.BasicClientConnectionManager releaseConnection - Releasing connection org.apache.http.impl.conn.ManagedClientConnectionImpl@65284069
[DEBUG] 2015-05-11 15:17:01,842 org.apache.http.impl.conn.BasicClientConnectionManager releaseConnection - Connection can be kept alive indefinitely
